

Microchip MPLAB XC8 Assembler V2.40 build 20220703182018 
                                                                                               Wed Jan 11 20:35:03 2023

Microchip MPLAB XC8 C Compiler v2.40 (Free license) build 20220703182018 Og1 
     1                           	processor	18F4520
     2                           	fnconf	rparam,??,?,0
     3                           	pagewidth 120
     4                           	opt	flic
     5                           	psect	cinit,global,reloc=2,class=CODE,delta=1
     6                           	psect	bssCOMRAM,global,class=COMRAM,space=1,delta=1,lowdata,noexec
     7                           	psect	cstackCOMRAM,global,class=COMRAM,space=1,delta=1,lowdata,noexec
     8                           	psect	text0,global,reloc=2,class=CODE,delta=1
     9                           	psect	intcode,global,reloc=2,class=CODE,delta=1
    10                           	psect	intcode_body,global,reloc=2,class=CODE,delta=1
    11                           	psect	text2,global,reloc=2,class=CODE,delta=1,group=1
    12                           	psect	intsave_regs,global,class=BIGRAM,space=1,delta=1,noexec
    13                           	psect	rparam,global,class=COMRAM,space=1,delta=1,noexec
    14                           	psect	temp,global,ovrld,common,class=COMRAM,space=1,delta=1
    15                           	psect	idloc,global,abs,ovrld,class=IDLOC,space=5,delta=1,noexec
    16                           	psect	config,global,abs,ovrld,class=CONFIG,space=4,delta=1,noexec
    17   000000                     
    18                           ; Version 2.40
    19                           ; Generated 04/07/2022 GMT
    20                           ; 
    21                           ; Copyright © 2022, Microchip Technology Inc. and its subsidiaries ("Microchip")
    22                           ; All rights reserved.
    23                           ; 
    24                           ; This software is developed by Microchip Technology Inc. and its subsidiaries ("Microch
      +                          ip").
    25                           ; 
    26                           ; Redistribution and use in source and binary forms, with or without modification, are
    27                           ; permitted provided that the following conditions are met:
    28                           ; 
    29                           ;     1. Redistributions of source code must retain the above copyright notice, this lis
      +                          t of
    30                           ;        conditions and the following disclaimer.
    31                           ; 
    32                           ;     2. Redistributions in binary form must reproduce the above copyright notice, this 
      +                          list
    33                           ;        of conditions and the following disclaimer in the documentation and/or other
    34                           ;        materials provided with the distribution. Publication is not required when
    35                           ;        this file is used in an embedded application.
    36                           ; 
    37                           ;     3. Microchip's name may not be used to endorse or promote products derived from th
      +                          is
    38                           ;        software without specific prior written permission.
    39                           ; 
    40                           ; THIS SOFTWARE IS PROVIDED BY MICROCHIP "AS IS" AND ANY EXPRESS OR IMPLIED WARRANTIES,
    41                           ; INCLUDING, BUT NOT LIMITED TO, THE IMPLIED WARRANTIES OF MERCHANTABILITY AND FITNESS F
      +                          OR
    42                           ; PURPOSE ARE DISCLAIMED.  IN NO EVENT SHALL MICROCHIP BE LIABLE FOR ANY DIRECT, INDIREC
      +                          T,
    43                           ; INCIDENTAL, SPECIAL, EXEMPLARY, OR CONSEQUENTIAL DAMAGES (INCLUDING BUT NOT LIMITED TO
    44                           ; PROCUREMENT OF SUBSTITUTE GOODS OR SERVICES; LOSS OF USE, DATA OR PROFITS; OR BUSINESS
    45                           ; INTERRUPTION) HOWSOEVER CAUSED AND ON ANY THEORY OF LIABILITY, WHETHER IN CONTRACT, ST
      +                          RICT
    46                           ; LIABILITY, OR TORT (INCLUDING NEGLIGENCE OR OTHERWISE) ARISING IN ANY WAY OUT OF THE U
      +                          SE OF
    47                           ; THIS SOFTWARE, EVEN IF ADVISED OF THE POSSIBILITY OF SUCH DAMAGE.
    48                           ; 
    49                           ; 
    50                           ; Code-generator required, PIC18F4520 Definitions
    51                           ; 
    52                           ; SFR Addresses
    53   000000                     _TRISBbits	set	3987
    54   000000                     _TRISC	set	3988
    55   000000                     _PORTC	set	3970
    56   000000                     _PIE1bits	set	3997
    57   000000                     _PIR1bits	set	3998
    58   000000                     _CCPR1L	set	4030
    59   000000                     _ADRESL	set	4035
    60   000000                     _ADRESH	set	4036
    61   000000                     _PORTDbits	set	3971
    62   000000                     _PORTBbits	set	3969
    63   000000                     _PORTD	set	3971
    64   000000                     _INTCONbits	set	4082
    65   000000                     _T2CONbits	set	4042
    66   000000                     _RCONbits	set	4048
    67   000000                     _OSCCONbits	set	4051
    68   000000                     _LATC	set	3979
    69   000000                     _TRISAbits	set	3986
    70   000000                     _ADCON2bits	set	4032
    71   000000                     _ADCON1bits	set	4033
    72   000000                     _ADCON0bits	set	4034
    73   000000                     _CCP1CONbits	set	4029
    74   000000                     _TRISD	set	3989
    75   000000                     _PR2	set	4043
    76                           
    77                           ; #config settings
    78                           
    79                           	psect	cinit
    80   00028A                     __pcinit:
    81                           	callstack 0
    82   00028A                     start_initialization:
    83                           	callstack 0
    84   00028A                     __initialization:
    85                           	callstack 0
    86                           
    87                           ; Clear objects allocated to COMRAM (8 bytes)
    88   00028A  EE00  F011         	lfsr	0,__pbssCOMRAM
    89   00028E  0E08               	movlw	8
    90   000290                     clear_0:
    91   000290  6AEE               	clrf	postinc0,c
    92   000292  06E8               	decf	wreg,f,c
    93   000294  E1FD               	bnz	clear_0
    94   000296                     end_of_initialization:
    95                           	callstack 0
    96   000296                     __end_of__initialization:
    97                           	callstack 0
    98   000296  9019               	bcf	int$flags,0,c	;clear compiler interrupt flag (level 1)
    99   000298  9219               	bcf	int$flags,1,c	;clear compiler interrupt flag (level 2)
   100   00029A  0100               	movlb	0
   101   00029C  EFFD  F000         	goto	_main	;jump to C main() function
   102                           
   103                           	psect	bssCOMRAM
   104   000011                     __pbssCOMRAM:
   105                           	callstack 0
   106   000011                     _cnt2:
   107                           	callstack 0
   108   000011                     	ds	2
   109   000013                     _cnt:
   110                           	callstack 0
   111   000013                     	ds	2
   112   000015                     _id:
   113                           	callstack 0
   114   000015                     	ds	2
   115   000017                     _flag:
   116                           	callstack 0
   117   000017                     	ds	2
   118                           
   119                           	psect	cstackCOMRAM
   120   000001                     __pcstackCOMRAM:
   121                           	callstack 0
   122   000001                     ?___awdiv:
   123                           	callstack 0
   124   000001                     ___awdiv@dividend:
   125                           	callstack 0
   126                           
   127                           ; 2 bytes @ 0x0
   128   000001                     	ds	2
   129   000003                     ___awdiv@divisor:
   130                           	callstack 0
   131                           
   132                           ; 2 bytes @ 0x2
   133   000003                     	ds	2
   134   000005                     ___awdiv@counter:
   135                           	callstack 0
   136                           
   137                           ; 1 bytes @ 0x4
   138   000005                     	ds	1
   139   000006                     ___awdiv@sign:
   140                           	callstack 0
   141                           
   142                           ; 1 bytes @ 0x5
   143   000006                     	ds	1
   144   000007                     ___awdiv@quotient:
   145                           	callstack 0
   146                           
   147                           ; 2 bytes @ 0x6
   148   000007                     	ds	2
   149   000009                     ??_H_ISR:
   150                           
   151                           ; 1 bytes @ 0x8
   152   000009                     	ds	4
   153   00000D                     H_ISR@value:
   154                           	callstack 0
   155                           
   156                           ; 2 bytes @ 0xC
   157   00000D                     	ds	2
   158   00000F                     main@cnt:
   159                           	callstack 0
   160                           
   161                           ; 2 bytes @ 0xE
   162   00000F                     	ds	2
   163                           
   164 ;;
   165 ;;Main: autosize = 0, tempsize = 0, incstack = 0, save=0
   166 ;;
   167 ;; *************** function _main *****************
   168 ;; Defined at:
   169 ;;		line 59 in file "final.c"
   170 ;; Parameters:    Size  Location     Type
   171 ;;		None
   172 ;; Auto vars:     Size  Location     Type
   173 ;;  cnt             2   14[COMRAM] int 
   174 ;;  state           2    0        int 
   175 ;; Return value:  Size  Location     Type
   176 ;;                  1    wreg      void 
   177 ;; Registers used:
   178 ;;		wreg, status,2
   179 ;; Tracked objects:
   180 ;;		On entry : 0/0
   181 ;;		On exit  : 0/0
   182 ;;		Unchanged: 0/0
   183 ;; Data sizes:     COMRAM   BANK0   BANK1   BANK2   BANK3   BANK4   BANK5
   184 ;;      Params:         0       0       0       0       0       0       0
   185 ;;      Locals:         2       0       0       0       0       0       0
   186 ;;      Temps:          0       0       0       0       0       0       0
   187 ;;      Totals:         2       0       0       0       0       0       0
   188 ;;Total ram usage:        2 bytes
   189 ;; Hardware stack levels required when called: 2
   190 ;; This function calls:
   191 ;;		Nothing
   192 ;; This function is called by:
   193 ;;		Startup code after reset
   194 ;; This function uses a non-reentrant model
   195 ;;
   196                           
   197                           	psect	text0
   198   0001FA                     __ptext0:
   199                           	callstack 0
   200   0001FA                     _main:
   201                           	callstack 29
   202   0001FA                     
   203                           ;final.c: 62:     ADCON0bits.ADON = 1;
   204   0001FA  50D3               	movf	211,w,c	;volatile
   205   0001FC  0B8F               	andlw	-113
   206   0001FE  0960               	iorlw	96
   207   000200  6ED3               	movwf	211,c	;volatile
   208   000202                     
   209                           ;final.c: 63:     ADCON2bits.ADFM = 0;
   210   000202  8092               	bsf	146,0,c	;volatile
   211                           
   212                           ;final.c: 65:     PIE1bits.ADIE = 1;
   213   000204  0E00               	movlw	0
   214   000206  6E83               	movwf	131,c	;volatile
   215   000208                     
   216                           ;final.c: 68:     INTCONbits.GIE = 1;
   217   000208  98C1               	bcf	193,4,c	;volatile
   218   00020A                     
   219                           ;final.c: 69: 
   220   00020A  9AC1               	bcf	193,5,c	;volatile
   221                           
   222                           ;final.c: 70:     ADCON0bits.GODONE = 1;
   223   00020C  50C1               	movf	193,w,c	;volatile
   224   00020E  0BF0               	andlw	-16
   225   000210  090E               	iorlw	14
   226   000212  6EC1               	movwf	193,c	;volatile
   227                           
   228                           ;final.c: 71: 
   229   000214  0EC3               	movlw	-61
   230   000216  16C2               	andwf	194,f,c	;volatile
   231                           
   232                           ;final.c: 72:     PORTC = 0X00;
   233   000218  50C0               	movf	192,w,c	;volatile
   234   00021A  0BF8               	andlw	-8
   235   00021C  0904               	iorlw	4
   236   00021E  6EC0               	movwf	192,c	;volatile
   237                           
   238                           ;final.c: 73:     TRISC = 0;
   239   000220  50C0               	movf	192,w,c	;volatile
   240   000222  0BC7               	andlw	-57
   241   000224  0910               	iorlw	16
   242   000226  6EC0               	movwf	192,c	;volatile
   243   000228                     
   244                           ;final.c: 74: 
   245   000228  80C2               	bsf	194,0,c	;volatile
   246   00022A                     
   247                           ;final.c: 75:     RCONbits.IPEN = 1;
   248   00022A  9EC0               	bcf	192,7,c	;volatile
   249   00022C                     
   250                           ;final.c: 77: 
   251   00022C  8C9D               	bsf	157,6,c	;volatile
   252   00022E                     
   253                           ;final.c: 78:     T2CONbits.TMR2ON = 0b1;
   254   00022E  9C9E               	bcf	158,6,c	;volatile
   255   000230                     
   256                           ;final.c: 79:     T2CONbits.T2CKPS = 0b01;
   257   000230  8CF2               	bsf	242,6,c	;volatile
   258   000232                     
   259                           ;final.c: 80: 
   260   000232  8EF2               	bsf	242,7,c	;volatile
   261   000234                     
   262                           ;final.c: 82:     OSCCONbits.IRCF = 0b001;
   263   000234  82C2               	bsf	194,1,c	;volatile
   264                           
   265                           ;final.c: 84: 
   266   000236  0E00               	movlw	0
   267   000238  6E82               	movwf	130,c	;volatile
   268                           
   269                           ;final.c: 85:     CCP1CONbits.CCP1M = 0b1100;
   270   00023A  0E00               	movlw	0
   271   00023C  6E94               	movwf	148,c	;volatile
   272   00023E                     
   273                           ;final.c: 87: 
   274   00023E  8ED0               	bsf	208,7,c	;volatile
   275   000240                     
   276                           ;final.c: 88:     TRISC = 0;
   277   000240  88F2               	bsf	242,4,c	;volatile
   278   000242                     
   279                           ;final.c: 90: 
   280   000242  84CA               	bsf	202,2,c	;volatile
   281                           
   282                           ;final.c: 91:     TRISBbits.RB1 = 1;
   283   000244  50CA               	movf	202,w,c	;volatile
   284   000246  0BFC               	andlw	-4
   285   000248  0901               	iorlw	1
   286   00024A  6ECA               	movwf	202,c	;volatile
   287                           
   288                           ;final.c: 94: 
   289   00024C  50D3               	movf	211,w,c	;volatile
   290   00024E  0B8F               	andlw	-113
   291   000250  0910               	iorlw	16
   292   000252  6ED3               	movwf	211,c	;volatile
   293                           
   294                           ;final.c: 97: 
   295   000254  50BD               	movf	189,w,c	;volatile
   296   000256  0BF0               	andlw	-16
   297   000258  090C               	iorlw	12
   298   00025A  6EBD               	movwf	189,c	;volatile
   299                           
   300                           ;final.c: 100: 
   301   00025C  0E00               	movlw	0
   302   00025E  6E94               	movwf	148,c	;volatile
   303                           
   304                           ;final.c: 101:     PR2 = 0x9b;
   305   000260  0E00               	movlw	0
   306   000262  6E8B               	movwf	139,c	;volatile
   307   000264  8293               	bsf	147,1,c	;volatile
   308   000266  9693               	bcf	147,3,c	;volatile
   309   000268  0E00               	movlw	0
   310   00026A  6E95               	movwf	149,c	;volatile
   311   00026C  0E9B               	movlw	155
   312   00026E  6ECB               	movwf	203,c	;volatile
   313                           
   314                           ;final.c: 123:     CCPR1L = 0x04;
   315   000270  0E04               	movlw	4
   316   000272  6EBE               	movwf	190,c	;volatile
   317                           
   318                           ;final.c: 124:     CCP1CONbits.DC1B = 0b0;
   319   000274  0ECF               	movlw	-49
   320   000276  16BD               	andwf	189,f,c	;volatile
   321                           
   322                           ;final.c: 126:     int cnt = 0;
   323   000278  0E00               	movlw	0
   324   00027A  6E10               	movwf	(main@cnt+1)^0,c
   325   00027C  0E00               	movlw	0
   326   00027E  6E0F               	movwf	main@cnt^0,c
   327   000280                     l871:
   328                           
   329                           ;final.c: 128:         PORTDbits.RD0 = 1;
   330   000280  8083               	bsf	131,0,c	;volatile
   331   000282  EF40  F001         	goto	l871
   332   000286  EF07  F000         	goto	start
   333   00028A                     __end_of_main:
   334                           	callstack 0
   335                           
   336 ;; *************** function _H_ISR *****************
   337 ;; Defined at:
   338 ;;		line 18 in file "final.c"
   339 ;; Parameters:    Size  Location     Type
   340 ;;		None
   341 ;; Auto vars:     Size  Location     Type
   342 ;;  value           2   12[COMRAM] int 
   343 ;; Return value:  Size  Location     Type
   344 ;;                  1    wreg      void 
   345 ;; Registers used:
   346 ;;		wreg, status,2, status,0, prodl, prodh, cstack
   347 ;; Tracked objects:
   348 ;;		On entry : 0/0
   349 ;;		On exit  : 0/0
   350 ;;		Unchanged: 0/0
   351 ;; Data sizes:     COMRAM   BANK0   BANK1   BANK2   BANK3   BANK4   BANK5
   352 ;;      Params:         0       0       0       0       0       0       0
   353 ;;      Locals:         2       0       0       0       0       0       0
   354 ;;      Temps:          4       0       0       0       0       0       0
   355 ;;      Totals:         6       0       0       0       0       0       0
   356 ;;Total ram usage:        6 bytes
   357 ;; Hardware stack levels used: 1
   358 ;; Hardware stack levels required when called: 1
   359 ;; This function calls:
   360 ;;		___awdiv
   361 ;; This function is called by:
   362 ;;		Interrupt level 2
   363 ;; This function uses a non-reentrant model
   364 ;;
   365                           
   366                           	psect	intcode
   367   000008                     __pintcode:
   368                           	callstack 0
   369   000008                     _H_ISR:
   370                           	callstack 29
   371                           
   372                           ;incstack = 0
   373   000008  8219               	bsf	int$flags,1,c	;set compiler interrupt flag (level 2)
   374   00000A  ED09  F000         	call	int_func,f	;refresh shadow registers
   375                           
   376                           	psect	intcode_body
   377   000012                     __pintcode_body:
   378                           	callstack 29
   379   000012                     int_func:
   380                           	callstack 29
   381   000012  0006               	pop		; remove dummy address from shadow register refresh
   382   000014  CFF3 F00B          	movff	prodl,??_H_ISR+2
   383   000018  CFF4 F00C          	movff	prodh,??_H_ISR+3
   384   00001C                     
   385                           ;final.c: 21:     }
   386   00001C  CFC3 F001          	movff	4035,___awdiv@dividend	;volatile
   387   000020  6A02               	clrf	(___awdiv@dividend+1)^0,c
   388   000022  0E00               	movlw	0
   389   000024  6E04               	movwf	(___awdiv@divisor+1)^0,c
   390   000026  0E40               	movlw	64
   391   000028  6E03               	movwf	___awdiv@divisor^0,c
   392   00002A  EC9B  F000         	call	___awdiv	;wreg free
   393   00002E  50C4               	movf	196,w,c	;volatile
   394   000030  0D04               	mullw	4
   395   000032  CFF3 F009          	movff	prodl,??_H_ISR
   396   000036  CFF4 F00A          	movff	prodh,??_H_ISR+1
   397   00003A  5001               	movf	?___awdiv^0,w,c
   398   00003C  2409               	addwf	??_H_ISR^0,w,c
   399   00003E  6E0D               	movwf	H_ISR@value^0,c
   400   000040  5002               	movf	(?___awdiv+1)^0,w,c
   401   000042  200A               	addwfc	(??_H_ISR+1)^0,w,c
   402   000044  6E0E               	movwf	(H_ISR@value+1)^0,c
   403   000046                     
   404                           ;final.c: 24:         CCPR1L = 19;
   405   000046  5013               	movf	_cnt^0,w,c
   406   000048  0AFF               	xorlw	255
   407   00004A  6E83               	movwf	131,c	;volatile
   408   00004C                     
   409                           ;final.c: 25:     }
   410   00004C  B281               	btfsc	129,1,c	;volatile
   411   00004E  EF2B  F000         	goto	i2u19_41
   412   000052  EF2D  F000         	goto	i2u19_40
   413   000056                     i2u19_41:
   414   000056  EF37  F000         	goto	i2l927
   415   00005A                     i2u19_40:
   416   00005A                     
   417                           ;final.c: 26:     else if(value < 511){
   418   00005A  0E07               	movlw	7
   419   00005C  6E09               	movwf	??_H_ISR^0,c
   420   00005E  0E7D               	movlw	125
   421   000060                     i2u25_47:
   422   000060  2EE8               	decfsz	wreg,f,c
   423   000062  D7FE               	bra	i2u25_47
   424   000064  2E09               	decfsz	??_H_ISR^0,f,c
   425   000066  D7FC               	bra	i2u25_47
   426   000068  F000               	nop	
   427   00006A                     
   428                           ;final.c: 27:         CCPR1L = 15;
   429   00006A  4A13               	infsnz	_cnt^0,f,c
   430   00006C  2A14               	incf	(_cnt+1)^0,f,c
   431   00006E                     i2l927:
   432                           
   433                           ;final.c: 30:         CCPR1L = 11;
   434   00006E  B481               	btfsc	129,2,c	;volatile
   435   000070  EF3C  F000         	goto	i2u20_41
   436   000074  EF3E  F000         	goto	i2u20_40
   437   000078                     i2u20_41:
   438   000078  EF48  F000         	goto	i2l62
   439   00007C                     i2u20_40:
   440   00007C                     
   441                           ;final.c: 31:     }
   442   00007C  0E07               	movlw	7
   443   00007E  6E09               	movwf	??_H_ISR^0,c
   444   000080  0E7D               	movlw	125
   445   000082                     i2u26_47:
   446   000082  2EE8               	decfsz	wreg,f,c
   447   000084  D7FE               	bra	i2u26_47
   448   000086  2E09               	decfsz	??_H_ISR^0,f,c
   449   000088  D7FC               	bra	i2u26_47
   450   00008A  F000               	nop	
   451   00008C                     
   452                           ;final.c: 32:     else if(value < 852){
   453   00008C  4A11               	infsnz	_cnt2^0,f,c
   454   00008E  2A12               	incf	(_cnt2+1)^0,f,c
   455   000090                     i2l62:
   456                           
   457                           ;final.c: 35:     else{
   458   000090  BE0E               	btfsc	(H_ISR@value+1)^0,7,c
   459   000092  EF56  F000         	goto	i2u21_40
   460   000096  0E55               	movlw	85
   461   000098  5C0D               	subwf	H_ISR@value^0,w,c
   462   00009A  0E01               	movlw	1
   463   00009C  580E               	subwfb	(H_ISR@value+1)^0,w,c
   464   00009E  B0D8               	btfsc	status,0,c
   465   0000A0  EF54  F000         	goto	i2u21_41
   466   0000A4  EF56  F000         	goto	i2u21_40
   467   0000A8                     i2u21_41:
   468   0000A8  EF5A  F000         	goto	i2l935
   469   0000AC                     i2u21_40:
   470   0000AC                     
   471                           ;final.c: 36:         CCPR1L = 3;
   472   0000AC  0E13               	movlw	19
   473   0000AE  6EBE               	movwf	190,c	;volatile
   474                           
   475                           ;final.c: 37:     }
   476   0000B0  EF91  F000         	goto	i2l949
   477   0000B4                     i2l935:
   478   0000B4  BE0E               	btfsc	(H_ISR@value+1)^0,7,c
   479   0000B6  EF67  F000         	goto	i2u22_40
   480   0000BA  280D               	incf	H_ISR@value^0,w,c
   481   0000BC  0E01               	movlw	1
   482   0000BE  580E               	subwfb	(H_ISR@value+1)^0,w,c
   483   0000C0  B0D8               	btfsc	status,0,c
   484   0000C2  EF65  F000         	goto	i2u22_41
   485   0000C6  EF67  F000         	goto	i2u22_40
   486   0000CA                     i2u22_41:
   487   0000CA  EF6B  F000         	goto	i2l939
   488   0000CE                     i2u22_40:
   489   0000CE                     
   490                           ;final.c: 39: 
   491   0000CE  0E0F               	movlw	15
   492   0000D0  6EBE               	movwf	190,c	;volatile
   493                           
   494                           ;final.c: 40:     ADCON0bits.GODONE = 1;
   495   0000D2  EF91  F000         	goto	i2l949
   496   0000D6                     i2l939:
   497   0000D6  BE0E               	btfsc	(H_ISR@value+1)^0,7,c
   498   0000D8  EF79  F000         	goto	i2u23_40
   499   0000DC  0EAA               	movlw	170
   500   0000DE  5C0D               	subwf	H_ISR@value^0,w,c
   501   0000E0  0E02               	movlw	2
   502   0000E2  580E               	subwfb	(H_ISR@value+1)^0,w,c
   503   0000E4  B0D8               	btfsc	status,0,c
   504   0000E6  EF77  F000         	goto	i2u23_41
   505   0000EA  EF79  F000         	goto	i2u23_40
   506   0000EE                     i2u23_41:
   507   0000EE  EF7D  F000         	goto	i2l943
   508   0000F2                     i2u23_40:
   509   0000F2                     
   510                           ;final.c: 42:     PIR1bits.ADIF = 0;
   511   0000F2  0E0B               	movlw	11
   512   0000F4  6EBE               	movwf	190,c	;volatile
   513                           
   514                           ;final.c: 43: 
   515   0000F6  EF91  F000         	goto	i2l949
   516   0000FA                     i2l943:
   517   0000FA  BE0E               	btfsc	(H_ISR@value+1)^0,7,c
   518   0000FC  EF8B  F000         	goto	i2u24_40
   519   000100  0E54               	movlw	84
   520   000102  5C0D               	subwf	H_ISR@value^0,w,c
   521   000104  0E03               	movlw	3
   522   000106  580E               	subwfb	(H_ISR@value+1)^0,w,c
   523   000108  B0D8               	btfsc	status,0,c
   524   00010A  EF89  F000         	goto	i2u24_41
   525   00010E  EF8B  F000         	goto	i2u24_40
   526   000112                     i2u24_41:
   527   000112  EF8F  F000         	goto	i2l947
   528   000116                     i2u24_40:
   529   000116                     
   530                           ;final.c: 45: }
   531   000116  0E07               	movlw	7
   532   000118  6EBE               	movwf	190,c	;volatile
   533                           
   534                           ;final.c: 46: 
   535   00011A  EF91  F000         	goto	i2l949
   536   00011E                     i2l947:
   537                           
   538                           ;final.c: 48: {
   539   00011E  0E03               	movlw	3
   540   000120  6EBE               	movwf	190,c	;volatile
   541   000122                     i2l949:
   542                           
   543                           ;final.c: 50:     OSCCONbits.IRCF = 0b110;
   544   000122  D000               	nop2		;2 cycle nop
   545   000124  D000               	nop2		;2 cycle nop
   546   000126                     
   547                           ;final.c: 52: 
   548   000126  82C2               	bsf	194,1,c	;volatile
   549   000128                     
   550                           ;final.c: 54: 
   551   000128  9C9E               	bcf	158,6,c	;volatile
   552   00012A  C00C  FFF4         	movff	??_H_ISR+3,prodh
   553   00012E  C00B  FFF3         	movff	??_H_ISR+2,prodl
   554   000132  9219               	bcf	int$flags,1,c	;clear compiler interrupt flag (level 2)
   555   000134  0011               	retfie		f
   556   000136                     __end_of_H_ISR:
   557                           	callstack 0
   558                           
   559 ;; *************** function ___awdiv *****************
   560 ;; Defined at:
   561 ;;		line 7 in file "D:\Microchip\xc8\v2.40\pic\sources\c99\common\awdiv.c"
   562 ;; Parameters:    Size  Location     Type
   563 ;;  dividend        2    0[COMRAM] int 
   564 ;;  divisor         2    2[COMRAM] int 
   565 ;; Auto vars:     Size  Location     Type
   566 ;;  quotient        2    6[COMRAM] int 
   567 ;;  sign            1    5[COMRAM] unsigned char 
   568 ;;  counter         1    4[COMRAM] unsigned char 
   569 ;; Return value:  Size  Location     Type
   570 ;;                  2    0[COMRAM] int 
   571 ;; Registers used:
   572 ;;		wreg, status,2, status,0
   573 ;; Tracked objects:
   574 ;;		On entry : 0/0
   575 ;;		On exit  : 0/0
   576 ;;		Unchanged: 0/0
   577 ;; Data sizes:     COMRAM   BANK0   BANK1   BANK2   BANK3   BANK4   BANK5
   578 ;;      Params:         4       0       0       0       0       0       0
   579 ;;      Locals:         4       0       0       0       0       0       0
   580 ;;      Temps:          0       0       0       0       0       0       0
   581 ;;      Totals:         8       0       0       0       0       0       0
   582 ;;Total ram usage:        8 bytes
   583 ;; Hardware stack levels used: 1
   584 ;; This function calls:
   585 ;;		Nothing
   586 ;; This function is called by:
   587 ;;		_H_ISR
   588 ;; This function uses a non-reentrant model
   589 ;;
   590                           
   591                           	psect	text2
   592   000136                     __ptext2:
   593                           	callstack 0
   594   000136                     ___awdiv:
   595                           	callstack 29
   596   000136  0E00               	movlw	0
   597   000138  6E06               	movwf	___awdiv@sign^0,c
   598   00013A  BE04               	btfsc	(___awdiv@divisor+1)^0,7,c
   599   00013C  EFA4  F000         	goto	i2u13_40
   600   000140  EFA2  F000         	goto	i2u13_41
   601   000144                     i2u13_41:
   602   000144  EFAA  F000         	goto	i2l881
   603   000148                     i2u13_40:
   604   000148  6C03               	negf	___awdiv@divisor^0,c
   605   00014A  1E04               	comf	(___awdiv@divisor+1)^0,f,c
   606   00014C  B0D8               	btfsc	status,0,c
   607   00014E  2A04               	incf	(___awdiv@divisor+1)^0,f,c
   608   000150  0E01               	movlw	1
   609   000152  6E06               	movwf	___awdiv@sign^0,c
   610   000154                     i2l881:
   611   000154  BE02               	btfsc	(___awdiv@dividend+1)^0,7,c
   612   000156  EFB1  F000         	goto	i2u14_40
   613   00015A  EFAF  F000         	goto	i2u14_41
   614   00015E                     i2u14_41:
   615   00015E  EFB7  F000         	goto	i2l887
   616   000162                     i2u14_40:
   617   000162  6C01               	negf	___awdiv@dividend^0,c
   618   000164  1E02               	comf	(___awdiv@dividend+1)^0,f,c
   619   000166  B0D8               	btfsc	status,0,c
   620   000168  2A02               	incf	(___awdiv@dividend+1)^0,f,c
   621   00016A  0E01               	movlw	1
   622   00016C  1A06               	xorwf	___awdiv@sign^0,f,c
   623   00016E                     i2l887:
   624   00016E  0E00               	movlw	0
   625   000170  6E08               	movwf	(___awdiv@quotient+1)^0,c
   626   000172  0E00               	movlw	0
   627   000174  6E07               	movwf	___awdiv@quotient^0,c
   628   000176  5003               	movf	___awdiv@divisor^0,w,c
   629   000178  1004               	iorwf	(___awdiv@divisor+1)^0,w,c
   630   00017A  B4D8               	btfsc	status,2,c
   631   00017C  EFC2  F000         	goto	i2u15_41
   632   000180  EFC4  F000         	goto	i2u15_40
   633   000184                     i2u15_41:
   634   000184  EFEC  F000         	goto	i2l909
   635   000188                     i2u15_40:
   636   000188  0E01               	movlw	1
   637   00018A  6E05               	movwf	___awdiv@counter^0,c
   638   00018C  EFCC  F000         	goto	i2l895
   639   000190                     i2l893:
   640   000190  90D8               	bcf	status,0,c
   641   000192  3603               	rlcf	___awdiv@divisor^0,f,c
   642   000194  3604               	rlcf	(___awdiv@divisor+1)^0,f,c
   643   000196  2A05               	incf	___awdiv@counter^0,f,c
   644   000198                     i2l895:
   645   000198  AE04               	btfss	(___awdiv@divisor+1)^0,7,c
   646   00019A  EFD1  F000         	goto	i2u16_41
   647   00019E  EFD3  F000         	goto	i2u16_40
   648   0001A2                     i2u16_41:
   649   0001A2  EFC8  F000         	goto	i2l893
   650   0001A6                     i2u16_40:
   651   0001A6                     i2l897:
   652   0001A6  90D8               	bcf	status,0,c
   653   0001A8  3607               	rlcf	___awdiv@quotient^0,f,c
   654   0001AA  3608               	rlcf	(___awdiv@quotient+1)^0,f,c
   655   0001AC  5003               	movf	___awdiv@divisor^0,w,c
   656   0001AE  5C01               	subwf	___awdiv@dividend^0,w,c
   657   0001B0  5004               	movf	(___awdiv@divisor+1)^0,w,c
   658   0001B2  5802               	subwfb	(___awdiv@dividend+1)^0,w,c
   659   0001B4  A0D8               	btfss	status,0,c
   660   0001B6  EFDF  F000         	goto	i2u17_41
   661   0001BA  EFE1  F000         	goto	i2u17_40
   662   0001BE                     i2u17_41:
   663   0001BE  EFE6  F000         	goto	i2l905
   664   0001C2                     i2u17_40:
   665   0001C2  5003               	movf	___awdiv@divisor^0,w,c
   666   0001C4  5E01               	subwf	___awdiv@dividend^0,f,c
   667   0001C6  5004               	movf	(___awdiv@divisor+1)^0,w,c
   668   0001C8  5A02               	subwfb	(___awdiv@dividend+1)^0,f,c
   669   0001CA  8007               	bsf	___awdiv@quotient^0,0,c
   670   0001CC                     i2l905:
   671   0001CC  90D8               	bcf	status,0,c
   672   0001CE  3204               	rrcf	(___awdiv@divisor+1)^0,f,c
   673   0001D0  3203               	rrcf	___awdiv@divisor^0,f,c
   674   0001D2  2E05               	decfsz	___awdiv@counter^0,f,c
   675   0001D4  EFD3  F000         	goto	i2l897
   676   0001D8                     i2l909:
   677   0001D8  5006               	movf	___awdiv@sign^0,w,c
   678   0001DA  B4D8               	btfsc	status,2,c
   679   0001DC  EFF2  F000         	goto	i2u18_41
   680   0001E0  EFF4  F000         	goto	i2u18_40
   681   0001E4                     i2u18_41:
   682   0001E4  EFF8  F000         	goto	i2l913
   683   0001E8                     i2u18_40:
   684   0001E8  6C07               	negf	___awdiv@quotient^0,c
   685   0001EA  1E08               	comf	(___awdiv@quotient+1)^0,f,c
   686   0001EC  B0D8               	btfsc	status,0,c
   687   0001EE  2A08               	incf	(___awdiv@quotient+1)^0,f,c
   688   0001F0                     i2l913:
   689   0001F0  C007  F001         	movff	___awdiv@quotient,?___awdiv
   690   0001F4  C008  F002         	movff	___awdiv@quotient+1,?___awdiv+1
   691   0001F8  0012               	return		;funcret
   692   0001FA                     __end_of___awdiv:
   693                           	callstack 0
   694   000000                     
   695                           	psect	rparam
   696   000000                     
   697                           	psect	temp
   698   000019                     btemp:
   699                           	callstack 0
   700   000019                     	ds	1
   701   000000                     int$flags	set	btemp
   702   000000                     wtemp8	set	btemp+1
   703   000000                     ttemp5	set	btemp+1
   704   000000                     ttemp6	set	btemp+4
   705   000000                     ttemp7	set	btemp+8
   706                           
   707                           	psect	idloc
   708                           
   709                           ;Config register IDLOC0 @ 0x200000
   710                           ;	unspecified, using default values
   711   200000                     	org	2097152
   712   200000  FF                 	db	255
   713                           
   714                           ;Config register IDLOC1 @ 0x200001
   715                           ;	unspecified, using default values
   716   200001                     	org	2097153
   717   200001  FF                 	db	255
   718                           
   719                           ;Config register IDLOC2 @ 0x200002
   720                           ;	unspecified, using default values
   721   200002                     	org	2097154
   722   200002  FF                 	db	255
   723                           
   724                           ;Config register IDLOC3 @ 0x200003
   725                           ;	unspecified, using default values
   726   200003                     	org	2097155
   727   200003  FF                 	db	255
   728                           
   729                           ;Config register IDLOC4 @ 0x200004
   730                           ;	unspecified, using default values
   731   200004                     	org	2097156
   732   200004  FF                 	db	255
   733                           
   734                           ;Config register IDLOC5 @ 0x200005
   735                           ;	unspecified, using default values
   736   200005                     	org	2097157
   737   200005  FF                 	db	255
   738                           
   739                           ;Config register IDLOC6 @ 0x200006
   740                           ;	unspecified, using default values
   741   200006                     	org	2097158
   742   200006  FF                 	db	255
   743                           
   744                           ;Config register IDLOC7 @ 0x200007
   745                           ;	unspecified, using default values
   746   200007                     	org	2097159
   747   200007  FF                 	db	255
   748                           
   749                           	psect	config
   750                           
   751                           ; Padding undefined space
   752   300000                     	org	3145728
   753   300000  FF                 	db	255
   754                           
   755                           ;Config register CONFIG1H @ 0x300001
   756                           ;	Oscillator Selection bits
   757                           ;	OSC = INTIO67, Internal oscillator block, port function on RA6 and RA7
   758                           ;	Fail-Safe Clock Monitor Enable bit
   759                           ;	FCMEN = 0x0, unprogrammed default
   760                           ;	Internal/External Oscillator Switchover bit
   761                           ;	IESO = 0x0, unprogrammed default
   762   300001                     	org	3145729
   763   300001  08                 	db	8
   764                           
   765                           ;Config register CONFIG2L @ 0x300002
   766                           ;	Power-up Timer Enable bit
   767                           ;	PWRT = OFF, PWRT disabled
   768                           ;	Brown-out Reset Enable bits
   769                           ;	BOREN = ON, Brown-out Reset enabled and controlled by software (SBOREN is enabled)
   770                           ;	Brown Out Reset Voltage bits
   771                           ;	BORV = 0x3, unprogrammed default
   772   300002                     	org	3145730
   773   300002  1B                 	db	27
   774                           
   775                           ;Config register CONFIG2H @ 0x300003
   776                           ;	Watchdog Timer Enable bit
   777                           ;	WDT = OFF, WDT disabled (control is placed on the SWDTEN bit)
   778                           ;	Watchdog Timer Postscale Select bits
   779                           ;	WDTPS = 0xF, unprogrammed default
   780   300003                     	org	3145731
   781   300003  1E                 	db	30
   782                           
   783                           ; Padding undefined space
   784   300004                     	org	3145732
   785   300004  FF                 	db	255
   786                           
   787                           ;Config register CONFIG3H @ 0x300005
   788                           ;	CCP2 MUX bit
   789                           ;	CCP2MX = 0x1, unprogrammed default
   790                           ;	PORTB A/D Enable bit
   791                           ;	PBADEN = OFF, PORTB<4:0> pins are configured as digital I/O on Reset
   792                           ;	Low-Power Timer1 Oscillator Enable bit
   793                           ;	LPT1OSC = 0x0, unprogrammed default
   794                           ;	MCLR Pin Enable bit
   795                           ;	MCLRE = 0x1, unprogrammed default
   796   300005                     	org	3145733
   797   300005  81                 	db	129
   798                           
   799                           ;Config register CONFIG4L @ 0x300006
   800                           ;	Stack Full/Underflow Reset Enable bit
   801                           ;	STVREN = 0x1, unprogrammed default
   802                           ;	Single-Supply ICSP Enable bit
   803                           ;	LVP = OFF, Single-Supply ICSP disabled
   804                           ;	Extended Instruction Set Enable bit
   805                           ;	XINST = 0x0, unprogrammed default
   806                           ;	Background Debugger Enable bit
   807                           ;	DEBUG = 0x1, unprogrammed default
   808   300006                     	org	3145734
   809   300006  81                 	db	129
   810                           
   811                           ; Padding undefined space
   812   300007                     	org	3145735
   813   300007  FF                 	db	255
   814                           
   815                           ;Config register CONFIG5L @ 0x300008
   816                           ;	unspecified, using default values
   817                           ;	Code Protection bit
   818                           ;	CP0 = 0x1, unprogrammed default
   819                           ;	Code Protection bit
   820                           ;	CP1 = 0x1, unprogrammed default
   821                           ;	Code Protection bit
   822                           ;	CP2 = 0x1, unprogrammed default
   823                           ;	Code Protection bit
   824                           ;	CP3 = 0x1, unprogrammed default
   825   300008                     	org	3145736
   826   300008  0F                 	db	15
   827                           
   828                           ;Config register CONFIG5H @ 0x300009
   829                           ;	Boot Block Code Protection bit
   830                           ;	CPB = 0x1, unprogrammed default
   831                           ;	Data EEPROM Code Protection bit
   832                           ;	CPD = OFF, Data EEPROM not code-protected
   833   300009                     	org	3145737
   834   300009  C0                 	db	192
   835                           
   836                           ;Config register CONFIG6L @ 0x30000A
   837                           ;	unspecified, using default values
   838                           ;	Write Protection bit
   839                           ;	WRT0 = 0x1, unprogrammed default
   840                           ;	Write Protection bit
   841                           ;	WRT1 = 0x1, unprogrammed default
   842                           ;	Write Protection bit
   843                           ;	WRT2 = 0x1, unprogrammed default
   844                           ;	Write Protection bit
   845                           ;	WRT3 = 0x1, unprogrammed default
   846   30000A                     	org	3145738
   847   30000A  0F                 	db	15
   848                           
   849                           ;Config register CONFIG6H @ 0x30000B
   850                           ;	unspecified, using default values
   851                           ;	Configuration Register Write Protection bit
   852                           ;	WRTC = 0x1, unprogrammed default
   853                           ;	Boot Block Write Protection bit
   854                           ;	WRTB = 0x1, unprogrammed default
   855                           ;	Data EEPROM Write Protection bit
   856                           ;	WRTD = 0x1, unprogrammed default
   857   30000B                     	org	3145739
   858   30000B  E0                 	db	224
   859                           
   860                           ;Config register CONFIG7L @ 0x30000C
   861                           ;	unspecified, using default values
   862                           ;	Table Read Protection bit
   863                           ;	EBTR0 = 0x1, unprogrammed default
   864                           ;	Table Read Protection bit
   865                           ;	EBTR1 = 0x1, unprogrammed default
   866                           ;	Table Read Protection bit
   867                           ;	EBTR2 = 0x1, unprogrammed default
   868                           ;	Table Read Protection bit
   869                           ;	EBTR3 = 0x1, unprogrammed default
   870   30000C                     	org	3145740
   871   30000C  0F                 	db	15
   872                           
   873                           ;Config register CONFIG7H @ 0x30000D
   874                           ;	unspecified, using default values
   875                           ;	Boot Block Table Read Protection bit
   876                           ;	EBTRB = 0x1, unprogrammed default
   877   30000D                     	org	3145741
   878   30000D  40                 	db	64
   879                           tosu	equ	0xFFF
   880                           tosh	equ	0xFFE
   881                           tosl	equ	0xFFD
   882                           stkptr	equ	0xFFC
   883                           pclatu	equ	0xFFB
   884                           pclath	equ	0xFFA
   885                           pcl	equ	0xFF9
   886                           tblptru	equ	0xFF8
   887                           tblptrh	equ	0xFF7
   888                           tblptrl	equ	0xFF6
   889                           tablat	equ	0xFF5
   890                           prodh	equ	0xFF4
   891                           prodl	equ	0xFF3
   892                           indf0	equ	0xFEF
   893                           postinc0	equ	0xFEE
   894                           postdec0	equ	0xFED
   895                           preinc0	equ	0xFEC
   896                           plusw0	equ	0xFEB
   897                           fsr0h	equ	0xFEA
   898                           fsr0l	equ	0xFE9
   899                           wreg	equ	0xFE8
   900                           indf1	equ	0xFE7
   901                           postinc1	equ	0xFE6
   902                           postdec1	equ	0xFE5
   903                           preinc1	equ	0xFE4
   904                           plusw1	equ	0xFE3
   905                           fsr1h	equ	0xFE2
   906                           fsr1l	equ	0xFE1
   907                           bsr	equ	0xFE0
   908                           indf2	equ	0xFDF
   909                           postinc2	equ	0xFDE
   910                           postdec2	equ	0xFDD
   911                           preinc2	equ	0xFDC
   912                           plusw2	equ	0xFDB
   913                           fsr2h	equ	0xFDA
   914                           fsr2l	equ	0xFD9
   915                           status	equ	0xFD8

Data Sizes:
    Strings     0
    Constant    0
    Data        0
    BSS         8
    Persistent  0
    Stack       0

Auto Spaces:
    Space          Size  Autos    Used
    COMRAM          126     16      24
    BANK0           128      0       0
    BANK1           256      0       0
    BANK2           256      0       0
    BANK3           256      0       0
    BANK4           256      0       0
    BANK5           244      0       0

Pointer List with Targets:

    None.

Critical Paths under _main in COMRAM

    None.

Critical Paths under _H_ISR in COMRAM

    _H_ISR->___awdiv

Critical Paths under _main in BANK0

    None.

Critical Paths under _H_ISR in BANK0

    None.

Critical Paths under _main in BANK1

    None.

Critical Paths under _H_ISR in BANK1

    None.

Critical Paths under _main in BANK2

    None.

Critical Paths under _H_ISR in BANK2

    None.

Critical Paths under _main in BANK3

    None.

Critical Paths under _H_ISR in BANK3

    None.

Critical Paths under _main in BANK4

    None.

Critical Paths under _H_ISR in BANK4

    None.

Critical Paths under _main in BANK5

    None.

Critical Paths under _H_ISR in BANK5

    None.

Call Graph Tables:

 ---------------------------------------------------------------------------------
 (Depth) Function   	        Calls       Base Space   Used Autos Params    Refs
 ---------------------------------------------------------------------------------
 (0) _main                                                 4     4      0       0
                                             14 COMRAM     2     2      0
 ---------------------------------------------------------------------------------
 Estimated maximum stack depth 0
 ---------------------------------------------------------------------------------
 (Depth) Function   	        Calls       Base Space   Used Autos Params    Refs
 ---------------------------------------------------------------------------------
 (1) _H_ISR                                                6     6      0     541
                                              8 COMRAM     6     6      0
                            ___awdiv
 ---------------------------------------------------------------------------------
 (2) ___awdiv                                              8     4      4     452
                                              0 COMRAM     8     4      4
 ---------------------------------------------------------------------------------
 Estimated maximum stack depth 2
 ---------------------------------------------------------------------------------

 Call Graph Graphs:

 _main (ROOT)

 _H_ISR (ROOT)
   ___awdiv

 Address spaces:
Name               Size   Autos  Total    Cost      Usage
BIGRAM             5F3      0       0      30        0.0%
EEDATA             100      0       0       0        0.0%
BITBANK4           100      0       0      11        0.0%
BANK4              100      0       0      12        0.0%
BITBANK3           100      0       0       9        0.0%
BANK3              100      0       0      10        0.0%
BITBANK2           100      0       0       7        0.0%
BANK2              100      0       0       8        0.0%
BITBANK1           100      0       0       5        0.0%
BANK1              100      0       0       6        0.0%
BITBANK5            F4      0       0      13        0.0%
BANK5               F4      0       0      14        0.0%
BITBANK0            80      0       0       3        0.0%
BANK0               80      0       0       4        0.0%
BITCOMRAM           7E      0       0       0        0.0%
COMRAM              7E     10      18       1       19.0%
BITBIGSFR_1llh      1E      0       0      24        0.0%
BITBIGSFR_5h         A      0       0      15        0.0%
BITBIGSFRhll         7      0       0      27        0.0%
BITBIGSFRhlh         6      0       0      26        0.0%
BITBIGSFRhhh         6      0       0      25        0.0%
BITBIGSFR_2          6      0       0      19        0.0%
BITBIGSFR_1hll       5      0       0      22        0.0%
BITBIGSFR_1hlh       4      0       0      21        0.0%
BITBIGSFR_4          3      0       0      17        0.0%
BITBIGSFR_3          3      0       0      18        0.0%
BITBIGSFR_1hh        2      0       0      20        0.0%
BITBIGSFR_5l         2      0       0      16        0.0%
BITBIGSFR_1lh        1      0       0      23        0.0%
BITBIGSFRll          1      0       0      28        0.0%
BIGSFR_5             0      0       0     200        0.0%
BIGSFR_4             0      0       0     200        0.0%
BIGSFR_3             0      0       0     200        0.0%
BIGSFR_2             0      0       0     200        0.0%
BIGSFR_1             0      0       0     200        0.0%
BIGSFR               0      0       0     200        0.0%
BITSFR_5             0      0       0     200        0.0%
SFR_5                0      0       0     200        0.0%
BITSFR_4             0      0       0     200        0.0%
SFR_4                0      0       0     200        0.0%
BITSFR_3             0      0       0     200        0.0%
SFR_3                0      0       0     200        0.0%
BITSFR_2             0      0       0     200        0.0%
SFR_2                0      0       0     200        0.0%
BITSFR_1             0      0       0     200        0.0%
SFR_1                0      0       0     200        0.0%
BITSFR               0      0       0     200        0.0%
SFR                  0      0       0     200        0.0%
STACK                0      0       0       2        0.0%
NULL                 0      0       0       0        0.0%
ABS                  0      0      18      29        0.0%
DATA                 0      0      18      31        0.0%
CODE                 0      0       0       0        0.0%


Microchip Technology PIC18 Macro Assembler V2.40 build 20220703182018 
Symbol Table                                                                                   Wed Jan 11 20:35:03 2023

           ___awdiv@sign 0006                       _id 0015                      l841 0202  
                    l851 022C                      l843 0208                      l861 023E  
                    l853 022E                      l845 020A                      l871 0280  
                    l863 0240                      l855 0230                      l847 0228  
                    l839 01FA                      l865 0242                      l857 0232  
                    l849 022A                      l867 0264                      l859 0234  
                    l869 0266                      _PR2 000FCB                      _cnt 0013  
                    wreg 000FE8                     _LATC 000F8B                     i2l62 0090  
                   i2l71 012A                     _cnt2 0011                     _flag 0017  
                   _main 01FA                     btemp 0019                     prodh 000FF4  
                   prodl 000FF3                     start 000E             ___param_bank 000000  
                  ?_main 0001          __end_of___awdiv 01FA          ___awdiv@divisor 0003  
                  i2l313 01F8                    i2l901 01C2                    i2l911 01E8  
                  i2l903 01CA                    i2l913 01F0                    i2l905 01CC  
                  i2l921 004C                    i2l907 01D2                    i2l931 008C  
                  i2l923 005A                    i2l909 01D8                    i2l941 00F2  
                  i2l933 00AC                    i2l925 006A                    i2l917 001C  
                  i2l951 0126                    i2l943 00FA                    i2l935 00B4  
                  i2l927 006E                    i2l919 0046                    i2l881 0154  
                  i2l873 0136                    i2l953 0128                    i2l945 0116  
                  i2l937 00CE                    i2l929 007C                    i2l891 0188  
                  i2l883 0162                    i2l875 013A                    i2l947 011E  
                  i2l939 00D6          ___awdiv@counter 0005                    i2l893 0190  
                  i2l885 016A                    i2l877 0148                    i2l949 0122  
                  i2l895 0198                    i2l887 016E                    i2l879 0150  
                  i2l897 01A6                    i2l889 0176                    i2l899 01AC  
                  _H_ISR 0008                    _PORTC 000F82                    _PORTD 000F83  
                  _TRISC 000F94                    _TRISD 000F95                    ttemp5 001A  
                  ttemp6 001D                    ttemp7 0021                    status 000FD8  
                  wtemp8 001A          __initialization 028A             __end_of_main 028A  
                 ??_main 000F            __activetblptr 000000                   ?_H_ISR 0001  
                 _ADRESH 000FC4                   _ADRESL 000FC3                   _CCPR1L 000FBE  
       ___awdiv@dividend 0001                ??___awdiv 0005                   clear_0 0290  
       ___awdiv@quotient 0007                   isa$std 000001               __accesstop 0080  
__end_of__initialization 0296            ___rparam_used 000001            __end_of_H_ISR 0136  
         __pcstackCOMRAM 0001                  ??_H_ISR 0009                  i2u20_40 007C  
                i2u20_41 0078                  i2u13_40 0148                  i2u21_40 00AC  
                i2u13_41 0144                  i2u21_41 00A8                  i2u14_40 0162  
                i2u22_40 00CE                  i2u14_41 015E                  i2u22_41 00CA  
                i2u15_40 0188                  i2u23_40 00F2                  i2u15_41 0184  
                i2u23_41 00EE                  i2u16_40 01A6                  i2u24_40 0116  
                i2u16_41 01A2                  i2u24_41 0112                  i2u17_40 01C2  
                i2u17_41 01BE                  i2u25_47 0060                  i2u18_40 01E8  
                i2u18_41 01E4                  i2u26_47 0082                  i2u19_40 005A  
                i2u19_41 0056                  __Hparam 0000                  __Lparam 0000  
                ___awdiv 0136                  __pcinit 028A                  __ramtop 0600  
                __ptext0 01FA                  __ptext2 0136                _T2CONbits 000FCA  
                main@cnt 000F           __pintcode_body 0012     end_of_initialization 0296  
                int_func 0012                  postinc0 000FEE                _PORTBbits 000F81  
              _PORTDbits 000F83                _TRISAbits 000F92                _TRISBbits 000F93  
            _CCP1CONbits 000FBD      start_initialization 028A              __pbssCOMRAM 0011  
              __pintcode 0008                 ?___awdiv 0001               H_ISR@value 000D  
               _PIE1bits 000F9D                 _PIR1bits 000F9E                 _RCONbits 000FD0  
             _ADCON0bits 000FC2               _ADCON1bits 000FC1               _ADCON2bits 000FC0  
               __Hrparam 0000                 __Lrparam 0000                 isa$xinst 000000  
               int$flags 0019               _INTCONbits 000FF2                 intlevel2 0000  
             _OSCCONbits 000FD3  
